2024-05-03 17:08:52,135 INFO o.s.o.j.AbstractEntityManagerFactoryBean [SpringApplicationShutdownHook] Closing JPA EntityManagerFactory for persistence unit 'default'
2024-05-03 17:08:52,179 INFO c.z.h.HikariDataSource [SpringApplicationShutdownHook] HikariPool-1 - Shutdown initiated...
2024-05-03 17:08:52,215 INFO c.z.h.HikariDataSource [SpringApplicationShutdownHook] HikariPool-1 - Shutdown completed.
2024-05-03 17:09:01,534 INFO o.s.b.StartupInfoLogger [main] Starting Bej1Synergy7NugrahAnggaraSiregarChallange4Application using Java 19.0.2 with PID 16108 (C:\Users\User\Desktop\BEJ1_SYNERGY-7_Nugrah-Anggara-Siregar_Challange-4\target\classes started by User in C:\Users\User\Desktop\BEJ1_SYNERGY-7_Nugrah-Anggara-Siregar_Challange-4)
2024-05-03 17:09:01,540 INFO o.s.b.SpringApplication [main] No active profile set, falling back to 1 default profile: "default"
2024-05-03 17:09:03,005 INFO o.s.d.r.c.RepositoryConfigurationDelegate [main] Bootstrapping Spring Data JPA repositories in DEFAULT mode.
2024-05-03 17:09:03,155 INFO o.s.d.r.c.RepositoryConfigurationDelegate [main] Finished Spring Data repository scanning in 131 ms. Found 5 JPA repository interfaces.
2024-05-03 17:09:04,457 INFO o.s.b.w.e.t.TomcatWebServer [main] Tomcat initialized with port 8082 (http)
2024-05-03 17:09:04,477 INFO o.a.j.l.DirectJDKLog [main] Initializing ProtocolHandler ["http-nio-8082"]
2024-05-03 17:09:04,482 INFO o.a.j.l.DirectJDKLog [main] Starting service [Tomcat]
2024-05-03 17:09:04,482 INFO o.a.j.l.DirectJDKLog [main] Starting Servlet engine: [Apache Tomcat/10.1.20]
2024-05-03 17:09:04,647 INFO o.a.j.l.DirectJDKLog [main] Initializing Spring embedded WebApplicationContext
2024-05-03 17:09:04,649 INFO o.s.b.w.s.c.ServletWebServerApplicationContext [main] Root WebApplicationContext: initialization completed in 2996 ms
2024-05-03 17:09:05,010 INFO o.h.j.i.u.LogHelper [main] HHH000204: Processing PersistenceUnitInfo [name: default]
2024-05-03 17:09:05,101 INFO o.h.Version [main] HHH000412: Hibernate ORM core version 6.4.4.Final
2024-05-03 17:09:05,184 INFO o.h.c.i.RegionFactoryInitiator [main] HHH000026: Second-level cache disabled
2024-05-03 17:09:05,619 INFO o.s.o.j.p.SpringPersistenceUnitInfo [main] No LoadTimeWeaver setup: ignoring JPA class transformer
2024-05-03 17:09:05,650 INFO c.z.h.HikariDataSource [main] HikariPool-1 - Starting...
2024-05-03 17:09:05,973 INFO c.z.h.p.HikariPool [main] HikariPool-1 - Added connection org.postgresql.jdbc.PgConnection@10bf1ec9
2024-05-03 17:09:05,976 INFO c.z.h.HikariDataSource [main] HikariPool-1 - Start completed.
2024-05-03 17:09:06,018 WARN o.h.e.j.d.i.DialectFactoryImpl [main] HHH90000025: PostgreSQLDialect does not need to be specified explicitly using 'hibernate.dialect' (remove the property setting and it will be selected by default)
2024-05-03 17:09:07,753 INFO o.h.e.t.j.p.i.JtaPlatformInitiator [main] HHH000489: No JTA platform available (set 'hibernate.transaction.jta.platform' to enable JTA platform integration)
2024-05-03 17:09:07,908 INFO o.s.o.j.AbstractEntityManagerFactoryBean [main] Initialized JPA EntityManagerFactory for persistence unit 'default'
2024-05-03 17:09:08,567 WARN o.s.b.a.o.j.JpaBaseConfiguration$JpaWebConfiguration [main] spring.jpa.open-in-view is enabled by default. Therefore, database queries may be performed during view rendering. Explicitly configure spring.jpa.open-in-view to disable this warning
2024-05-03 17:09:09,158 INFO o.a.j.l.DirectJDKLog [main] Starting ProtocolHandler ["http-nio-8082"]
2024-05-03 17:09:09,190 INFO o.s.b.w.e.t.TomcatWebServer [main] Tomcat started on port 8082 (http) with context path ''
2024-05-03 17:09:09,208 INFO o.s.b.StartupInfoLogger [main] Started Bej1Synergy7NugrahAnggaraSiregarChallange4Application in 8.371 seconds (process running for 9.52)
2024-05-03 17:09:11,224 INFO o.a.j.l.DirectJDKLog [http-nio-8082-exec-1] Initializing Spring DispatcherServlet 'dispatcherServlet'
2024-05-03 17:09:11,226 INFO o.s.w.s.FrameworkServlet [http-nio-8082-exec-1] Initializing Servlet 'dispatcherServlet'
2024-05-03 17:09:11,228 INFO o.s.w.s.FrameworkServlet [http-nio-8082-exec-1] Completed initialization in 0 ms
2024-05-03 17:10:27,317 INFO o.s.o.j.AbstractEntityManagerFactoryBean [SpringApplicationShutdownHook] Closing JPA EntityManagerFactory for persistence unit 'default'
2024-05-03 17:10:27,322 INFO c.z.h.HikariDataSource [SpringApplicationShutdownHook] HikariPool-1 - Shutdown initiated...
2024-05-03 17:10:27,337 INFO c.z.h.HikariDataSource [SpringApplicationShutdownHook] HikariPool-1 - Shutdown completed.
2024-05-03 17:13:13,633 INFO o.s.b.StartupInfoLogger [main] Starting Bej1Synergy7NugrahAnggaraSiregarChallange4Application using Java 19.0.2 with PID 10584 (C:\Users\User\Desktop\BEJ1_SYNERGY-7_Nugrah-Anggara-Siregar_Challange-4\target\classes started by User in C:\Users\User\Desktop\BEJ1_SYNERGY-7_Nugrah-Anggara-Siregar_Challange-4)
2024-05-03 17:13:13,636 INFO o.s.b.SpringApplication [main] No active profile set, falling back to 1 default profile: "default"
2024-05-03 17:13:15,168 INFO o.s.d.r.c.RepositoryConfigurationDelegate [main] Bootstrapping Spring Data JPA repositories in DEFAULT mode.
2024-05-03 17:13:15,324 INFO o.s.d.r.c.RepositoryConfigurationDelegate [main] Finished Spring Data repository scanning in 141 ms. Found 5 JPA repository interfaces.
2024-05-03 17:13:16,382 INFO o.s.b.w.e.t.TomcatWebServer [main] Tomcat initialized with port 8082 (http)
2024-05-03 17:13:16,395 INFO o.a.j.l.DirectJDKLog [main] Initializing ProtocolHandler ["http-nio-8082"]
2024-05-03 17:13:16,399 INFO o.a.j.l.DirectJDKLog [main] Starting service [Tomcat]
2024-05-03 17:13:16,399 INFO o.a.j.l.DirectJDKLog [main] Starting Servlet engine: [Apache Tomcat/10.1.20]
2024-05-03 17:13:16,488 INFO o.a.j.l.DirectJDKLog [main] Initializing Spring embedded WebApplicationContext
2024-05-03 17:13:16,490 INFO o.s.b.w.s.c.ServletWebServerApplicationContext [main] Root WebApplicationContext: initialization completed in 2701 ms
2024-05-03 17:13:16,873 INFO o.h.j.i.u.LogHelper [main] HHH000204: Processing PersistenceUnitInfo [name: default]
2024-05-03 17:13:16,955 INFO o.h.Version [main] HHH000412: Hibernate ORM core version 6.4.4.Final
2024-05-03 17:13:17,001 INFO o.h.c.i.RegionFactoryInitiator [main] HHH000026: Second-level cache disabled
2024-05-03 17:13:17,378 INFO o.s.o.j.p.SpringPersistenceUnitInfo [main] No LoadTimeWeaver setup: ignoring JPA class transformer
2024-05-03 17:13:17,417 INFO c.z.h.HikariDataSource [main] HikariPool-1 - Starting...
2024-05-03 17:13:17,688 INFO c.z.h.p.HikariPool [main] HikariPool-1 - Added connection org.postgresql.jdbc.PgConnection@1152900
2024-05-03 17:13:17,691 INFO c.z.h.HikariDataSource [main] HikariPool-1 - Start completed.
2024-05-03 17:13:17,747 WARN o.h.e.j.d.i.DialectFactoryImpl [main] HHH90000025: PostgreSQLDialect does not need to be specified explicitly using 'hibernate.dialect' (remove the property setting and it will be selected by default)
2024-05-03 17:13:19,468 INFO o.h.e.t.j.p.i.JtaPlatformInitiator [main] HHH000489: No JTA platform available (set 'hibernate.transaction.jta.platform' to enable JTA platform integration)
2024-05-03 17:13:19,617 INFO o.s.o.j.AbstractEntityManagerFactoryBean [main] Initialized JPA EntityManagerFactory for persistence unit 'default'
2024-05-03 17:13:20,185 WARN o.s.b.a.o.j.JpaBaseConfiguration$JpaWebConfiguration [main] spring.jpa.open-in-view is enabled by default. Therefore, database queries may be performed during view rendering. Explicitly configure spring.jpa.open-in-view to disable this warning
2024-05-03 17:13:20,725 INFO o.a.j.l.DirectJDKLog [main] Starting ProtocolHandler ["http-nio-8082"]
2024-05-03 17:13:20,753 INFO o.s.b.w.e.t.TomcatWebServer [main] Tomcat started on port 8082 (http) with context path ''
2024-05-03 17:13:20,768 INFO o.s.b.StartupInfoLogger [main] Started Bej1Synergy7NugrahAnggaraSiregarChallange4Application in 7.826 seconds (process running for 8.843)
2024-05-03 17:13:39,556 INFO o.a.j.l.DirectJDKLog [http-nio-8082-exec-2] Initializing Spring DispatcherServlet 'dispatcherServlet'
2024-05-03 17:13:39,556 INFO o.s.w.s.FrameworkServlet [http-nio-8082-exec-2] Initializing Servlet 'dispatcherServlet'
2024-05-03 17:13:39,556 INFO o.s.w.s.FrameworkServlet [http-nio-8082-exec-2] Completed initialization in 0 ms
