2024-05-06 21:34:09,933 INFO o.s.b.StartupInfoLogger [main] Starting Bej1Synergy7NugrahAnggaraSiregarChallange4Application using Java 19.0.2 with PID 15148 (C:\Users\User\Desktop\BEJ1_SYNERGY-7_Nugrah-Anggara-Siregar_Challange-4\target\classes started by User in C:\Users\User\Desktop\BEJ1_SYNERGY-7_Nugrah-Anggara-Siregar_Challange-4)
2024-05-06 21:34:09,943 INFO o.s.b.SpringApplication [main] No active profile set, falling back to 1 default profile: "default"
2024-05-06 21:34:11,711 INFO o.s.d.r.c.RepositoryConfigurationDelegate [main] Bootstrapping Spring Data JPA repositories in DEFAULT mode.
2024-05-06 21:34:11,954 INFO o.s.d.r.c.RepositoryConfigurationDelegate [main] Finished Spring Data repository scanning in 224 ms. Found 5 JPA repository interfaces.
2024-05-06 21:34:13,866 INFO o.s.b.w.e.t.TomcatWebServer [main] Tomcat initialized with port 8082 (http)
2024-05-06 21:34:13,884 INFO o.a.j.l.DirectJDKLog [main] Initializing ProtocolHandler ["http-nio-8082"]
2024-05-06 21:34:13,888 INFO o.a.j.l.DirectJDKLog [main] Starting service [Tomcat]
2024-05-06 21:34:13,889 INFO o.a.j.l.DirectJDKLog [main] Starting Servlet engine: [Apache Tomcat/10.1.20]
2024-05-06 21:34:13,984 INFO o.a.j.l.DirectJDKLog [main] Initializing Spring embedded WebApplicationContext
2024-05-06 21:34:13,987 INFO o.s.b.w.s.c.ServletWebServerApplicationContext [main] Root WebApplicationContext: initialization completed in 3802 ms
2024-05-06 21:34:14,672 INFO o.h.j.i.u.LogHelper [main] HHH000204: Processing PersistenceUnitInfo [name: default]
2024-05-06 21:34:14,883 INFO o.h.Version [main] HHH000412: Hibernate ORM core version 6.4.4.Final
2024-05-06 21:34:14,951 INFO o.h.c.i.RegionFactoryInitiator [main] HHH000026: Second-level cache disabled
2024-05-06 21:34:16,103 INFO o.s.o.j.p.SpringPersistenceUnitInfo [main] No LoadTimeWeaver setup: ignoring JPA class transformer
2024-05-06 21:34:16,169 INFO c.z.h.HikariDataSource [main] HikariPool-1 - Starting...
2024-05-06 21:34:16,562 INFO c.z.h.p.HikariPool [main] HikariPool-1 - Added connection org.postgresql.jdbc.PgConnection@63db743d
2024-05-06 21:34:16,566 INFO c.z.h.HikariDataSource [main] HikariPool-1 - Start completed.
2024-05-06 21:34:16,659 WARN o.h.e.j.d.i.DialectFactoryImpl [main] HHH90000025: PostgreSQLDialect does not need to be specified explicitly using 'hibernate.dialect' (remove the property setting and it will be selected by default)
2024-05-06 21:34:18,865 INFO o.h.e.t.j.p.i.JtaPlatformInitiator [main] HHH000489: No JTA platform available (set 'hibernate.transaction.jta.platform' to enable JTA platform integration)
2024-05-06 21:34:19,047 INFO o.s.o.j.AbstractEntityManagerFactoryBean [main] Initialized JPA EntityManagerFactory for persistence unit 'default'
2024-05-06 21:34:19,642 INFO o.s.d.j.r.q.QueryEnhancerFactory [main] Hibernate is in classpath; If applicable, HQL parser will be used.
2024-05-06 21:34:19,970 WARN o.s.b.a.o.j.JpaBaseConfiguration$JpaWebConfiguration [main] spring.jpa.open-in-view is enabled by default. Therefore, database queries may be performed during view rendering. Explicitly configure spring.jpa.open-in-view to disable this warning
2024-05-06 21:34:20,701 INFO o.a.j.l.DirectJDKLog [main] Starting ProtocolHandler ["http-nio-8082"]
2024-05-06 21:34:20,732 INFO o.s.b.w.e.t.TomcatWebServer [main] Tomcat started on port 8082 (http) with context path ''
2024-05-06 21:34:20,748 INFO o.s.b.StartupInfoLogger [main] Started Bej1Synergy7NugrahAnggaraSiregarChallange4Application in 11.616 seconds (process running for 13.194)
2024-05-06 21:35:59,642 INFO o.a.j.l.DirectJDKLog [http-nio-8082-exec-2] Initializing Spring DispatcherServlet 'dispatcherServlet'
2024-05-06 21:35:59,642 INFO o.s.w.s.FrameworkServlet [http-nio-8082-exec-2] Initializing Servlet 'dispatcherServlet'
2024-05-06 21:35:59,644 INFO o.s.w.s.FrameworkServlet [http-nio-8082-exec-2] Completed initialization in 1 ms
2024-05-06 21:38:47,565 INFO o.s.o.j.AbstractEntityManagerFactoryBean [SpringApplicationShutdownHook] Closing JPA EntityManagerFactory for persistence unit 'default'
2024-05-06 21:38:47,573 INFO c.z.h.HikariDataSource [SpringApplicationShutdownHook] HikariPool-1 - Shutdown initiated...
2024-05-06 21:38:47,604 INFO c.z.h.HikariDataSource [SpringApplicationShutdownHook] HikariPool-1 - Shutdown completed.
2024-05-06 21:38:57,087 INFO o.s.b.StartupInfoLogger [main] Starting Bej1Synergy7NugrahAnggaraSiregarChallange4Application using Java 19.0.2 with PID 16128 (C:\Users\User\Desktop\BEJ1_SYNERGY-7_Nugrah-Anggara-Siregar_Challange-4\target\classes started by User in C:\Users\User\Desktop\BEJ1_SYNERGY-7_Nugrah-Anggara-Siregar_Challange-4)
2024-05-06 21:38:57,091 INFO o.s.b.SpringApplication [main] No active profile set, falling back to 1 default profile: "default"
2024-05-06 21:38:58,937 INFO o.s.d.r.c.RepositoryConfigurationDelegate [main] Bootstrapping Spring Data JPA repositories in DEFAULT mode.
2024-05-06 21:38:59,118 INFO o.s.d.r.c.RepositoryConfigurationDelegate [main] Finished Spring Data repository scanning in 158 ms. Found 5 JPA repository interfaces.
2024-05-06 21:39:01,334 INFO o.s.b.w.e.t.TomcatWebServer [main] Tomcat initialized with port 8082 (http)
2024-05-06 21:39:01,394 INFO o.a.j.l.DirectJDKLog [main] Initializing ProtocolHandler ["http-nio-8082"]
2024-05-06 21:39:01,410 INFO o.a.j.l.DirectJDKLog [main] Starting service [Tomcat]
2024-05-06 21:39:01,411 INFO o.a.j.l.DirectJDKLog [main] Starting Servlet engine: [Apache Tomcat/10.1.20]
2024-05-06 21:39:01,725 INFO o.a.j.l.DirectJDKLog [main] Initializing Spring embedded WebApplicationContext
2024-05-06 21:39:01,727 INFO o.s.b.w.s.c.ServletWebServerApplicationContext [main] Root WebApplicationContext: initialization completed in 4486 ms
2024-05-06 21:39:02,182 INFO o.h.j.i.u.LogHelper [main] HHH000204: Processing PersistenceUnitInfo [name: default]
2024-05-06 21:39:02,279 INFO o.h.Version [main] HHH000412: Hibernate ORM core version 6.4.4.Final
2024-05-06 21:39:02,342 INFO o.h.c.i.RegionFactoryInitiator [main] HHH000026: Second-level cache disabled
2024-05-06 21:39:02,944 INFO o.s.o.j.p.SpringPersistenceUnitInfo [main] No LoadTimeWeaver setup: ignoring JPA class transformer
2024-05-06 21:39:03,003 INFO c.z.h.HikariDataSource [main] HikariPool-1 - Starting...
2024-05-06 21:39:03,446 INFO c.z.h.p.HikariPool [main] HikariPool-1 - Added connection org.postgresql.jdbc.PgConnection@7be38eba
2024-05-06 21:39:03,450 INFO c.z.h.HikariDataSource [main] HikariPool-1 - Start completed.
2024-05-06 21:39:03,537 WARN o.h.e.j.d.i.DialectFactoryImpl [main] HHH90000025: PostgreSQLDialect does not need to be specified explicitly using 'hibernate.dialect' (remove the property setting and it will be selected by default)
2024-05-06 21:39:05,296 INFO o.h.e.t.j.p.i.JtaPlatformInitiator [main] HHH000489: No JTA platform available (set 'hibernate.transaction.jta.platform' to enable JTA platform integration)
2024-05-06 21:39:05,420 INFO o.s.o.j.AbstractEntityManagerFactoryBean [main] Initialized JPA EntityManagerFactory for persistence unit 'default'
2024-05-06 21:39:05,970 INFO o.s.d.j.r.q.QueryEnhancerFactory [main] Hibernate is in classpath; If applicable, HQL parser will be used.
2024-05-06 21:39:06,221 WARN o.s.b.a.o.j.JpaBaseConfiguration$JpaWebConfiguration [main] spring.jpa.open-in-view is enabled by default. Therefore, database queries may be performed during view rendering. Explicitly configure spring.jpa.open-in-view to disable this warning
2024-05-06 21:39:07,029 INFO o.a.j.l.DirectJDKLog [main] Starting ProtocolHandler ["http-nio-8082"]
2024-05-06 21:39:07,059 INFO o.s.b.w.e.t.TomcatWebServer [main] Tomcat started on port 8082 (http) with context path ''
2024-05-06 21:39:07,072 INFO o.s.b.StartupInfoLogger [main] Started Bej1Synergy7NugrahAnggaraSiregarChallange4Application in 10.749 seconds (process running for 12.004)
2024-05-06 21:39:12,542 INFO o.a.j.l.DirectJDKLog [http-nio-8082-exec-1] Initializing Spring DispatcherServlet 'dispatcherServlet'
2024-05-06 21:39:12,542 INFO o.s.w.s.FrameworkServlet [http-nio-8082-exec-1] Initializing Servlet 'dispatcherServlet'
2024-05-06 21:39:12,544 INFO o.s.w.s.FrameworkServlet [http-nio-8082-exec-1] Completed initialization in 1 ms
