2024-05-07 20:49:36,040 INFO o.s.b.StartupInfoLogger [main] Starting Bej1Synergy7NugrahAnggaraSiregarChallange4Application using Java 19.0.2 with PID 6652 (C:\Users\User\Desktop\BEJ1_SYNERGY-7_Nugrah-Anggara-Siregar_Challange-4\target\classes started by User in C:\Users\User\Desktop\BEJ1_SYNERGY-7_Nugrah-Anggara-Siregar_Challange-4)
2024-05-07 20:49:36,078 INFO o.s.b.SpringApplication [main] No active profile set, falling back to 1 default profile: "default"
2024-05-07 20:49:38,222 INFO o.s.d.r.c.RepositoryConfigurationDelegate [main] Bootstrapping Spring Data JPA repositories in DEFAULT mode.
2024-05-07 20:49:38,454 INFO o.s.d.r.c.RepositoryConfigurationDelegate [main] Finished Spring Data repository scanning in 206 ms. Found 5 JPA repository interfaces.
2024-05-07 20:49:40,450 INFO o.s.b.w.e.t.TomcatWebServer [main] Tomcat initialized with port 8082 (http)
2024-05-07 20:49:40,485 INFO o.a.j.l.DirectJDKLog [main] Initializing ProtocolHandler ["http-nio-8082"]
2024-05-07 20:49:40,497 INFO o.a.j.l.DirectJDKLog [main] Starting service [Tomcat]
2024-05-07 20:49:40,498 INFO o.a.j.l.DirectJDKLog [main] Starting Servlet engine: [Apache Tomcat/10.1.20]
2024-05-07 20:49:40,845 INFO o.a.j.l.DirectJDKLog [main] Initializing Spring embedded WebApplicationContext
2024-05-07 20:49:40,852 INFO o.s.b.w.s.c.ServletWebServerApplicationContext [main] Root WebApplicationContext: initialization completed in 4616 ms
2024-05-07 20:49:42,017 INFO o.h.j.i.u.LogHelper [main] HHH000204: Processing PersistenceUnitInfo [name: default]
2024-05-07 20:49:42,273 INFO o.h.Version [main] HHH000412: Hibernate ORM core version 6.4.4.Final
2024-05-07 20:49:42,397 INFO o.h.c.i.RegionFactoryInitiator [main] HHH000026: Second-level cache disabled
2024-05-07 20:49:42,960 INFO o.s.o.j.p.SpringPersistenceUnitInfo [main] No LoadTimeWeaver setup: ignoring JPA class transformer
2024-05-07 20:49:43,005 INFO c.z.h.HikariDataSource [main] HikariPool-1 - Starting...
2024-05-07 20:49:43,563 INFO c.z.h.p.HikariPool [main] HikariPool-1 - Added connection org.postgresql.jdbc.PgConnection@70f4f89e
2024-05-07 20:49:43,573 INFO c.z.h.HikariDataSource [main] HikariPool-1 - Start completed.
2024-05-07 20:49:43,650 WARN o.h.e.j.d.i.DialectFactoryImpl [main] HHH90000025: PostgreSQLDialect does not need to be specified explicitly using 'hibernate.dialect' (remove the property setting and it will be selected by default)
2024-05-07 20:49:46,233 INFO o.h.e.t.j.p.i.JtaPlatformInitiator [main] HHH000489: No JTA platform available (set 'hibernate.transaction.jta.platform' to enable JTA platform integration)
2024-05-07 20:49:46,457 INFO o.s.o.j.AbstractEntityManagerFactoryBean [main] Initialized JPA EntityManagerFactory for persistence unit 'default'
2024-05-07 20:49:47,614 INFO o.s.d.j.r.q.QueryEnhancerFactory [main] Hibernate is in classpath; If applicable, HQL parser will be used.
2024-05-07 20:49:47,891 WARN o.s.b.a.o.j.JpaBaseConfiguration$JpaWebConfiguration [main] spring.jpa.open-in-view is enabled by default. Therefore, database queries may be performed during view rendering. Explicitly configure spring.jpa.open-in-view to disable this warning
2024-05-07 20:49:49,266 INFO o.a.j.l.DirectJDKLog [main] Starting ProtocolHandler ["http-nio-8082"]
2024-05-07 20:49:49,616 INFO o.s.b.w.e.t.TomcatWebServer [main] Tomcat started on port 8082 (http) with context path ''
2024-05-07 20:49:49,664 INFO o.s.b.StartupInfoLogger [main] Started Bej1Synergy7NugrahAnggaraSiregarChallange4Application in 14.655 seconds (process running for 16.158)
2024-05-07 20:49:54,753 INFO o.a.j.l.DirectJDKLog [http-nio-8082-exec-1] Initializing Spring DispatcherServlet 'dispatcherServlet'
2024-05-07 20:49:54,754 INFO o.s.w.s.FrameworkServlet [http-nio-8082-exec-1] Initializing Servlet 'dispatcherServlet'
2024-05-07 20:49:54,756 INFO o.s.w.s.FrameworkServlet [http-nio-8082-exec-1] Completed initialization in 1 ms
2024-05-07 20:49:55,339 WARN o.s.w.s.m.s.DefaultHandlerExceptionResolver [http-nio-8082-exec-1] Ignoring exception, response committed already: org.springframework.http.converter.HttpMessageNotWritableException: Could not write JSON: Infinite recursion (StackOverflowError)
2024-05-07 20:49:55,339 WARN o.s.w.s.h.AbstractHandlerExceptionResolver [http-nio-8082-exec-1] Resolved [org.springframework.http.converter.HttpMessageNotWritableException: Could not write JSON: Infinite recursion (StackOverflowError)]
2024-05-07 20:53:14,938 INFO o.s.o.j.AbstractEntityManagerFactoryBean [SpringApplicationShutdownHook] Closing JPA EntityManagerFactory for persistence unit 'default'
2024-05-07 20:53:14,945 INFO c.z.h.HikariDataSource [SpringApplicationShutdownHook] HikariPool-1 - Shutdown initiated...
2024-05-07 20:53:14,978 INFO c.z.h.HikariDataSource [SpringApplicationShutdownHook] HikariPool-1 - Shutdown completed.
2024-05-07 20:53:25,813 INFO o.s.b.StartupInfoLogger [main] Starting Bej1Synergy7NugrahAnggaraSiregarChallange4Application using Java 19.0.2 with PID 12788 (C:\Users\User\Desktop\BEJ1_SYNERGY-7_Nugrah-Anggara-Siregar_Challange-4\target\classes started by User in C:\Users\User\Desktop\BEJ1_SYNERGY-7_Nugrah-Anggara-Siregar_Challange-4)
2024-05-07 20:53:25,820 INFO o.s.b.SpringApplication [main] No active profile set, falling back to 1 default profile: "default"
2024-05-07 20:53:28,298 INFO o.s.d.r.c.RepositoryConfigurationDelegate [main] Bootstrapping Spring Data JPA repositories in DEFAULT mode.
2024-05-07 20:53:28,523 INFO o.s.d.r.c.RepositoryConfigurationDelegate [main] Finished Spring Data repository scanning in 211 ms. Found 5 JPA repository interfaces.
2024-05-07 20:53:30,072 INFO o.s.b.w.e.t.TomcatWebServer [main] Tomcat initialized with port 8082 (http)
2024-05-07 20:53:30,099 INFO o.a.j.l.DirectJDKLog [main] Initializing ProtocolHandler ["http-nio-8082"]
2024-05-07 20:53:30,106 INFO o.a.j.l.DirectJDKLog [main] Starting service [Tomcat]
2024-05-07 20:53:30,107 INFO o.a.j.l.DirectJDKLog [main] Starting Servlet engine: [Apache Tomcat/10.1.20]
2024-05-07 20:53:30,248 INFO o.a.j.l.DirectJDKLog [main] Initializing Spring embedded WebApplicationContext
2024-05-07 20:53:30,253 INFO o.s.b.w.s.c.ServletWebServerApplicationContext [main] Root WebApplicationContext: initialization completed in 4296 ms
2024-05-07 20:53:30,839 INFO o.h.j.i.u.LogHelper [main] HHH000204: Processing PersistenceUnitInfo [name: default]
2024-05-07 20:53:30,988 INFO o.h.Version [main] HHH000412: Hibernate ORM core version 6.4.4.Final
2024-05-07 20:53:31,178 INFO o.h.c.i.RegionFactoryInitiator [main] HHH000026: Second-level cache disabled
2024-05-07 20:53:31,747 INFO o.s.o.j.p.SpringPersistenceUnitInfo [main] No LoadTimeWeaver setup: ignoring JPA class transformer
2024-05-07 20:53:31,815 INFO c.z.h.HikariDataSource [main] HikariPool-1 - Starting...
2024-05-07 20:53:32,213 INFO c.z.h.p.HikariPool [main] HikariPool-1 - Added connection org.postgresql.jdbc.PgConnection@7e747037
2024-05-07 20:53:32,216 INFO c.z.h.HikariDataSource [main] HikariPool-1 - Start completed.
2024-05-07 20:53:32,299 WARN o.h.e.j.d.i.DialectFactoryImpl [main] HHH90000025: PostgreSQLDialect does not need to be specified explicitly using 'hibernate.dialect' (remove the property setting and it will be selected by default)
2024-05-07 20:53:33,770 ERROR o.s.o.j.AbstractEntityManagerFactoryBean [main] Failed to initialize JPA EntityManagerFactory: Could not determine recommended JdbcType for Java type 'com.example.BEJ1_SYNERGY._Nugrah.Anggara.Siregar_Challange4.Model.Order'
2024-05-07 20:53:33,778 WARN o.s.c.s.AbstractApplicationContext [main] Exception encountered during context initialization - cancelling refresh attempt: org.springframework.beans.factory.BeanCreationException: Error creating bean with name 'entityManagerFactory' defined in class path resource [org/springframework/boot/autoconfigure/orm/jpa/HibernateJpaConfiguration.class]: Could not determine recommended JdbcType for Java type 'com.example.BEJ1_SYNERGY._Nugrah.Anggara.Siregar_Challange4.Model.Order'
2024-05-07 20:53:33,779 INFO c.z.h.HikariDataSource [main] HikariPool-1 - Shutdown initiated...
2024-05-07 20:53:33,844 INFO c.z.h.HikariDataSource [main] HikariPool-1 - Shutdown completed.
2024-05-07 20:53:33,853 INFO o.a.j.l.DirectJDKLog [main] Stopping service [Tomcat]
2024-05-07 20:53:33,907 INFO o.s.b.a.l.ConditionEvaluationReportLogger [main] 

Error starting ApplicationContext. To display the condition evaluation report re-run your application with 'debug' enabled.
2024-05-07 20:53:34,049 ERROR o.s.b.SpringApplication [main] Application run failed
org.springframework.beans.factory.BeanCreationException: Error creating bean with name 'entityManagerFactory' defined in class path resource [org/springframework/boot/autoconfigure/orm/jpa/HibernateJpaConfiguration.class]: Could not determine recommended JdbcType for Java type 'com.example.BEJ1_SYNERGY._Nugrah.Anggara.Siregar_Challange4.Model.Order'
	at org.springframework.beans.factory.support.AbstractAutowireCapableBeanFactory.initializeBean(AbstractAutowireCapableBeanFactory.java:1786)
	at org.springframework.beans.factory.support.AbstractAutowireCapableBeanFactory.doCreateBean(AbstractAutowireCapableBeanFactory.java:600)
	at org.springframework.beans.factory.support.AbstractAutowireCapableBeanFactory.createBean(AbstractAutowireCapableBeanFactory.java:522)
	at org.springframework.beans.factory.support.AbstractBeanFactory.lambda$doGetBean$0(AbstractBeanFactory.java:326)
	at org.springframework.beans.factory.support.DefaultSingletonBeanRegistry.getSingleton(DefaultSingletonBeanRegistry.java:234)
	at org.springframework.beans.factory.support.AbstractBeanFactory.doGetBean(AbstractBeanFactory.java:324)
	at org.springframework.beans.factory.support.AbstractBeanFactory.getBean(AbstractBeanFactory.java:200)
	at org.springframework.context.support.AbstractApplicationContext.getBean(AbstractApplicationContext.java:1234)
	at org.springframework.context.support.AbstractApplicationContext.finishBeanFactoryInitialization(AbstractApplicationContext.java:952)
	at org.springframework.context.support.AbstractApplicationContext.refresh(AbstractApplicationContext.java:624)
	at org.springframework.boot.web.servlet.context.ServletWebServerApplicationContext.refresh(ServletWebServerApplicationContext.java:146)
	at org.springframework.boot.SpringApplication.refresh(SpringApplication.java:754)
	at org.springframework.boot.SpringApplication.refreshContext(SpringApplication.java:456)
	at org.springframework.boot.SpringApplication.run(SpringApplication.java:334)
	at org.springframework.boot.SpringApplication.run(SpringApplication.java:1354)
	at org.springframework.boot.SpringApplication.run(SpringApplication.java:1343)
	at com.example.BEJ1_SYNERGY._Nugrah.Anggara.Siregar_Challange4.Bej1Synergy7NugrahAnggaraSiregarChallange4Application.main(Bej1Synergy7NugrahAnggaraSiregarChallange4Application.java:10)
Caused by: org.hibernate.type.descriptor.java.spi.JdbcTypeRecommendationException: Could not determine recommended JdbcType for Java type 'com.example.BEJ1_SYNERGY._Nugrah.Anggara.Siregar_Challange4.Model.Order'
	at org.hibernate.type.descriptor.java.spi.UnknownBasicJavaType.getRecommendedJdbcType(UnknownBasicJavaType.java:37)
	at org.hibernate.type.descriptor.java.spi.BasicCollectionJavaType.getRecommendedJdbcType(BasicCollectionJavaType.java:73)
	at org.hibernate.boot.model.process.internal.InferredBasicValueResolver.from(InferredBasicValueResolver.java:195)
	at org.hibernate.mapping.BasicValue.resolution(BasicValue.java:642)
	at org.hibernate.mapping.BasicValue.buildResolution(BasicValue.java:493)
	at org.hibernate.mapping.BasicValue.resolve(BasicValue.java:345)
	at org.hibernate.mapping.BasicValue.resolve(BasicValue.java:335)
	at org.hibernate.boot.internal.InFlightMetadataCollectorImpl.lambda$processValueResolvers$4(InFlightMetadataCollectorImpl.java:1800)
	at java.base/java.util.ArrayList.removeIf(ArrayList.java:1682)
	at java.base/java.util.ArrayList.removeIf(ArrayList.java:1660)
	at org.hibernate.boot.internal.InFlightMetadataCollectorImpl.processValueResolvers(InFlightMetadataCollectorImpl.java:1799)
	at org.hibernate.boot.internal.InFlightMetadataCollectorImpl.processSecondPasses(InFlightMetadataCollectorImpl.java:1785)
	at org.hibernate.boot.model.process.spi.MetadataBuildingProcess.complete(MetadataBuildingProcess.java:332)
	at org.hibernate.jpa.boot.internal.EntityManagerFactoryBuilderImpl.metadata(EntityManagerFactoryBuilderImpl.java:1432)
	at org.hibernate.jpa.boot.internal.EntityManagerFactoryBuilderImpl.build(EntityManagerFactoryBuilderImpl.java:1503)
	at org.springframework.orm.jpa.vendor.SpringHibernateJpaPersistenceProvider.createContainerEntityManagerFactory(SpringHibernateJpaPersistenceProvider.java:75)
	at org.springframework.orm.jpa.LocalContainerEntityManagerFactoryBean.createNativeEntityManagerFactory(LocalContainerEntityManagerFactoryBean.java:390)
	at org.springframework.orm.jpa.AbstractEntityManagerFactoryBean.buildNativeEntityManagerFactory(AbstractEntityManagerFactoryBean.java:409)
	at org.springframework.orm.jpa.AbstractEntityManagerFactoryBean.afterPropertiesSet(AbstractEntityManagerFactoryBean.java:396)
	at org.springframework.orm.jpa.LocalContainerEntityManagerFactoryBean.afterPropertiesSet(LocalContainerEntityManagerFactoryBean.java:366)
	at org.springframework.beans.factory.support.AbstractAutowireCapableBeanFactory.invokeInitMethods(AbstractAutowireCapableBeanFactory.java:1833)
	at org.springframework.beans.factory.support.AbstractAutowireCapableBeanFactory.initializeBean(AbstractAutowireCapableBeanFactory.java:1782)
	... 16 common frames omitted
